c:\users\roman.lenovo-pc\documents\github\schematic-constructor\freesch\x64\release\vc143.pdb
c:\users\roman.lenovo-pc\documents\github\schematic-constructor\freesch\x64\release\dlgimportmerge.obj
c:\users\roman.lenovo-pc\documents\github\schematic-constructor\freesch\x64\release\dlgfindpart.obj
c:\users\roman.lenovo-pc\documents\github\schematic-constructor\freesch\x64\release\dlgeditboardcorner.obj
c:\users\roman.lenovo-pc\documents\github\schematic-constructor\freesch\x64\release\dlgdrc.obj
c:\users\roman.lenovo-pc\documents\github\schematic-constructor\freesch\x64\release\dlgcreatebranch.obj
c:\users\roman.lenovo-pc\documents\github\schematic-constructor\freesch\x64\release\dlgchangelayer.obj
c:\users\roman.lenovo-pc\documents\github\schematic-constructor\freesch\x64\release\dlgcad.obj
c:\users\roman.lenovo-pc\documents\github\schematic-constructor\freesch\x64\release\dlgattrsync.obj
c:\users\roman.lenovo-pc\documents\github\schematic-constructor\freesch\x64\release\dlgaddwidth.obj
c:\users\roman.lenovo-pc\documents\github\schematic-constructor\freesch\x64\release\dlgaddtext.obj
c:\users\roman.lenovo-pc\documents\github\schematic-constructor\freesch\x64\release\dlgaddpoly.obj
c:\users\roman.lenovo-pc\documents\github\schematic-constructor\freesch\x64\release\dlgaddmerge.obj
c:\users\roman.lenovo-pc\documents\github\schematic-constructor\freesch\x64\release\dlgaddmaskcutout.obj
c:\users\roman.lenovo-pc\documents\github\schematic-constructor\freesch\x64\release\displaylist.obj
c:\users\roman.lenovo-pc\documents\github\schematic-constructor\freesch\x64\release\designrules.obj
c:\users\roman.lenovo-pc\documents\github\schematic-constructor\freesch\x64\release\cuid.obj
c:\users\roman.lenovo-pc\documents\github\schematic-constructor\freesch\x64\release\componentnoteext.obj
c:\users\roman.lenovo-pc\documents\github\schematic-constructor\freesch\x64\release\ccompare.obj
c:\users\roman.lenovo-pc\documents\github\schematic-constructor\freesch\x64\release\bomintable.obj
c:\users\roman.lenovo-pc\documents\github\schematic-constructor\freesch\x64\release\dlgsidestyle.obj
c:\users\roman.lenovo-pc\documents\github\schematic-constructor\freesch\x64\release\dlgshortcuts.obj
c:\users\roman.lenovo-pc\documents\github\schematic-constructor\freesch\x64\release\dlgsetareahatch.obj
c:\users\roman.lenovo-pc\documents\github\schematic-constructor\freesch\x64\release\dlgreport.obj
c:\users\roman.lenovo-pc\documents\github\schematic-constructor\freesch\x64\release\dlgreplacetext.obj
c:\users\roman.lenovo-pc\documents\github\schematic-constructor\freesch\x64\release\dlgrenumbers.obj
c:\users\roman.lenovo-pc\documents\github\schematic-constructor\freesch\x64\release\dlgreassignlayers.obj
c:\users\roman.lenovo-pc\documents\github\schematic-constructor\freesch\x64\release\dlgprotection.obj
c:\users\roman.lenovo-pc\documents\github\schematic-constructor\freesch\x64\release\dlgpinmap.obj
c:\users\roman.lenovo-pc\documents\github\schematic-constructor\freesch\x64\release\dlgpdflayers.obj
c:\users\roman.lenovo-pc\documents\github\schematic-constructor\freesch\x64\release\dlgpartlist.obj
c:\users\roman.lenovo-pc\documents\github\schematic-constructor\freesch\x64\release\dlgmymessagebox2.obj
c:\users\roman.lenovo-pc\documents\github\schematic-constructor\freesch\x64\release\dlgmymessagebox.obj
c:\users\roman.lenovo-pc\documents\github\schematic-constructor\freesch\x64\release\dlgmoveorigin.obj
c:\users\roman.lenovo-pc\documents\github\schematic-constructor\freesch\x64\release\dlglog.obj
c:\users\roman.lenovo-pc\documents\github\schematic-constructor\freesch\x64\release\dlglayers.obj
c:\users\roman.lenovo-pc\documents\github\schematic-constructor\freesch\x64\release\dlgindexing.obj
c:\users\roman.lenovo-pc\documents\github\schematic-constructor\freesch\x64\release\dlgimportpart.obj
c:\users\roman.lenovo-pc\documents\github\schematic-constructor\freesch\x64\release\dlgimportoptions.obj
c:\users\roman.lenovo-pc\documents\github\schematic-constructor\freesch\x64\release\afxasert.obj
c:\users\roman.lenovo-pc\documents\github\schematic-constructor\freesch\x64\release\file_io.obj
c:\users\roman.lenovo-pc\documents\github\schematic-constructor\freesch\x64\release\freesch.obj
c:\users\roman.lenovo-pc\documents\github\schematic-constructor\freesch\x64\release\gerber.obj
c:\users\roman.lenovo-pc\documents\github\schematic-constructor\freesch\x64\release\gpc_232.obj
c:\users\roman.lenovo-pc\documents\github\schematic-constructor\freesch\x64\release\importnetlist.obj
c:\users\roman.lenovo-pc\documents\github\schematic-constructor\freesch\x64\release\libpointer.obj
c:\users\roman.lenovo-pc\documents\github\schematic-constructor\freesch\x64\release\mytoolbar.obj
c:\users\roman.lenovo-pc\documents\github\schematic-constructor\freesch\x64\release\netlistsettings.obj
c:\users\roman.lenovo-pc\documents\github\schematic-constructor\freesch\x64\release\parttemplate.obj
c:\users\roman.lenovo-pc\documents\github\schematic-constructor\freesch\x64\release\pathdialog.obj
c:\users\roman.lenovo-pc\documents\github\schematic-constructor\freesch\x64\release\php_polygon_vertex.obj
c:\users\roman.lenovo-pc\documents\github\schematic-constructor\freesch\x64\release\qafdebug.obj
c:\users\roman.lenovo-pc\documents\github\schematic-constructor\freesch\x64\release\rtcall.obj
c:\users\roman.lenovo-pc\documents\github\schematic-constructor\freesch\x64\release\smcharacter.obj
c:\users\roman.lenovo-pc\documents\github\schematic-constructor\freesch\x64\release\smfontutil.obj
c:\users\roman.lenovo-pc\documents\github\schematic-constructor\freesch\x64\release\stdafx.obj
c:\users\roman.lenovo-pc\documents\github\schematic-constructor\freesch\x64\release\tagtable.obj
c:\users\roman.lenovo-pc\documents\github\schematic-constructor\freesch\x64\release\textlist.obj
c:\users\roman.lenovo-pc\documents\github\schematic-constructor\freesch\x64\release\undolist.obj
c:\users\roman.lenovo-pc\documents\github\schematic-constructor\freesch\x64\release\utility.obj
c:\users\roman.lenovo-pc\documents\github\schematic-constructor\freesch\x64\release\freesch.tlog\cl.command.1.tlog
c:\users\roman.lenovo-pc\documents\github\schematic-constructor\freesch\x64\release\freesch.tlog\cl.read.1.tlog
c:\users\roman.lenovo-pc\documents\github\schematic-constructor\freesch\x64\release\freesch.tlog\cl.write.1.tlog
